[03/13/2025 12:30:37] None submitted b'' on 3 with kpm 0 [WRONG]
[03/13/2025 14:26:10] None submitted b'eyJhbGciOiJIUzI1NiIsInR5cCI6IkpXVCJ9.eyJpZCI6MiwiaWF0IjoxNzQxODc1ODYyLCJleHAiOjE3NDE5NjIyNjJ9.C0GUwpZbb9UZijuuMXacCLJH8cF38Ezp0DcuhaWofHg' on 2 with kpm 0 [WRONG]
[03/13/2025 14:29:15] None submitted b'DP{P4th_Tr4v3rs4l_Vuln3r4b1l1ty_3xpl01t3d}' on 4 with kpm 0 [CORRECT]
[03/13/2025 14:32:26] None submitted b'DP{P4th_Tr4v3rs4l_Vuln3r4b1l1ty_3xpl01t3d}' on 4 with kpm 0 [CORRECT]
[03/13/2025 15:03:21] None submitted b'DP{P4th_Tr4v3rs4l_Vuln3r4b1l1ty_3xpl01t3d}' on 4 with kpm 0 [ALREADY SOLVED]
[03/18/2025 02:09:32] None submitted b'DP{XSS_C0mm3nt_Vuln3r4bility_Expl0it3d}' on 2 with kpm 0 [CORRECT]
[03/18/2025 14:43:03] None submitted b'DP{XSS_C0mm3nt_Vuln3r4bility_Expl0it3d}' on 2 with kpm 0 [ALREADY SOLVED]
[03/18/2025 16:24:14] None submitted b'DP{XSS_C0mm3nt_Vuln3r4bility_Expl0it3d}' on 2 with kpm 0 [ALREADY SOLVED]
[03/18/2025 16:25:07] None submitted b'DP{XSS_C0mm3nt_Vuln3r4bility_Expl0it3d}' on 2 with kpm 0 [ALREADY SOLVED]
[03/18/2025 16:25:34] None submitted b'DP{T1ME_15_BE57_4RIEND}' on 1 with kpm 0 [CORRECT]
[03/18/2025 16:28:02] None submitted b'DP{T1ME_15_BE57_4RIEND}' on 1 with kpm 0 [ALREADY SOLVED]
[03/18/2025 17:51:14] None submitted b'DP{T1ME_15_BE57_4RIEND}' on 1 with kpm 0 [CORRECT]
[03/18/2025 17:52:10] None submitted b'DP{T1ME_15_BE57_4RIEND}' on 1 with kpm 0 [ALREADY SOLVED]
[03/18/2025 18:06:24] None submitted b'DP{T1ME_15_BE57_4RIEND}' on 1 with kpm 0 [ALREADY SOLVED]
[03/18/2025 18:10:30] None submitted b'DP{T1ME_15_BE57_4RIEND}' on 1 with kpm 0 [ALREADY SOLVED]
[03/18/2025 18:17:03] None submitted b'DP{T1ME_15_BE57_4RIEND}' on 1 with kpm 0 [ALREADY SOLVED]
[03/18/2025 18:19:27] None submitted b'DP{T1ME_15_BE57_4RIEND}' on 1 with kpm 0 [ALREADY SOLVED]
[03/18/2025 19:32:09] None submitted b'DP{T1ME_15_BE57_4RIEND}' on 1 with kpm 0 [ALREADY SOLVED]
[03/18/2025 19:38:02] None submitted b'DP{XSS_C0mm3nt_Vuln3r4bility_Expl0it3d}' on 2 with kpm 0 [CORRECT]
[03/18/2025 19:42:56] None submitted b'DP{P4th_Tr4v3rs4l_Vuln3r4b1l1ty_3xpl01t3d}' on 2 with kpm 0 [ALREADY SOLVED]
[03/18/2025 19:43:02] None submitted b'DP{P4th_Tr4v3rs4l_Vuln3r4b1l1ty_3xpl01t3d}' on 4 with kpm 0 [CORRECT]
[03/18/2025 19:56:44] None submitted b'DP{XSS_C0mm3nt_Vuln3r4bility_Expl0it3d}' on 1 with kpm 0 [ALREADY SOLVED]
[03/18/2025 19:57:13] None submitted b'DP{XSS_C0mm3nt_Vuln3r4bility_Expl0it3d}' on 1 with kpm 0 [ALREADY SOLVED]
[03/18/2025 23:41:45] None submitted b'a' on 7 with kpm 0 [CORRECT]
[03/18/2025 23:46:51] None submitted b'a' on 7 with kpm 0 [ALREADY SOLVED]
[03/18/2025 23:53:13] None submitted b'a' on 7 with kpm 0 [ALREADY SOLVED]
[03/19/2025 01:19:24] None submitted b'DP{SSRF_L0C4L_F1L3_R34D}' on 3 with kpm 0 [CORRECT]
[03/19/2025 01:24:34] None submitted b'DP{PHP_1nclud3_G0n3_Wr0ng_RFI_FTW}' on 5 with kpm 0 [CORRECT]
[04/09/2025 01:52:22] None submitted b'' on 6 with kpm 0 [WRONG]
[04/09/2025 01:52:26] None submitted b'' on 6 with kpm 1 [WRONG]
[04/09/2025 01:52:31] None submitted b'' on 6 with kpm 2 [WRONG]
[04/09/2025 01:52:35] None submitted b'' on 4 with kpm 3 [ALREADY SOLVED]
[04/09/2025 01:52:38] None submitted b'' on 6 with kpm 3 [WRONG]
